19:30:07 - SELECT po.*, cc.descripcion as descProveedor, cg.valor as descTipoProducto FROM caProducto po, caCompanias cc, caGenerales cg WHERE po.claveCompania = cc.claveCompania AND po.tipoProducto = cg.valor  AND  po.activosInventario > 0  ORDER BY po.claveProducto ASC
19:30:07 - SELECT vv.*, su.nombre as descUsario, cg.nombre as descEstatus FROM veventas vv, segusuariosTbl su, cagenerales cg WHERE vv.idUsuario = su.idUsuario AND vv.estatus = cg.valor AND vv.folio = (SELECT max(vv2.folio) FROM veVentas vv2 WHERE vv2.fechaEvento LIKE '%2014-11-05%') ;
19:30:07 - SELECT * FROM caGenerales WHERE tabla = 'vepagos' AND columna = 'tipoPago' AND estatus = 1;
19:35:03 - SELECT vv.*, su.nombre as descUsario, cg.nombre as descEstatus FROM veventas vv, segusuariosTbl su, cagenerales cg WHERE vv.idUsuario = su.idUsuario AND vv.estatus = cg.valor AND vv.folio = (SELECT max(vv2.folio) FROM veVentas vv2 WHERE vv2.fechaEvento LIKE '%2014-11-05%') ;
19:35:03 - SELECT po.*, cc.descripcion as descProveedor, cg.valor as descTipoProducto FROM caProducto po, caCompanias cc, caGenerales cg WHERE po.claveCompania = cc.claveCompania AND po.tipoProducto = cg.valor  AND  po.activosInventario > 0  ORDER BY po.claveProducto ASC
19:35:03 - SELECT * FROM caGenerales WHERE tabla = 'vepagos' AND columna = 'tipoPago' AND estatus = 1;
19:35:15 - SELECT vv.*, su.nombre as descUsario, cg.nombre as descEstatus FROM veventas vv, segusuariosTbl su, cagenerales cg WHERE vv.idUsuario = su.idUsuario AND vv.estatus = cg.valor AND vv.folio = (SELECT max(vv2.folio) FROM veVentas vv2 WHERE vv2.fechaEvento LIKE '%2014-11-05%') ;
19:35:15 - SELECT po.*, cc.descripcion as descProveedor, cg.valor as descTipoProducto FROM caProducto po, caCompanias cc, caGenerales cg WHERE po.claveCompania = cc.claveCompania AND po.tipoProducto = cg.valor  AND  po.activosInventario > 0  ORDER BY po.claveProducto ASC
19:35:16 - SELECT * FROM caGenerales WHERE tabla = 'vepagos' AND columna = 'tipoPago' AND estatus = 1;
19:38:33 - SELECT vv.*, su.nombre as descUsario, cg.nombre as descEstatus FROM veventas vv, segusuariosTbl su, cagenerales cg WHERE vv.idUsuario = su.idUsuario AND vv.estatus = cg.valor AND vv.folio = (SELECT max(vv2.folio) FROM veVentas vv2 WHERE vv2.fechaEvento LIKE '%2014-11-05%') ;
19:38:33 - SELECT po.*, cc.descripcion as descProveedor, cg.valor as descTipoProducto FROM caProducto po, caCompanias cc, caGenerales cg WHERE po.claveCompania = cc.claveCompania AND po.tipoProducto = cg.valor  AND  po.activosInventario > 0  ORDER BY po.claveProducto ASC
19:38:33 - SELECT * FROM caGenerales WHERE tabla = 'vepagos' AND columna = 'tipoPago' AND estatus = 1;
19:41:21 - SELECT vv.*, su.nombre as descUsario, cg.nombre as descEstatus FROM veventas vv, segusuariosTbl su, cagenerales cg WHERE vv.idUsuario = su.idUsuario AND vv.estatus = cg.valor AND vv.folio = (SELECT max(vv2.folio) FROM veVentas vv2 WHERE vv2.fechaEvento LIKE '%2014-11-05%') ;
19:41:21 - SELECT po.*, cc.descripcion as descProveedor, cg.valor as descTipoProducto FROM caProducto po, caCompanias cc, caGenerales cg WHERE po.claveCompania = cc.claveCompania AND po.tipoProducto = cg.valor  AND  po.activosInventario > 0  ORDER BY po.claveProducto ASC
19:41:21 - SELECT * FROM caGenerales WHERE tabla = 'vepagos' AND columna = 'tipoPago' AND estatus = 1;
19:42:47 - SELECT vv.*, su.nombre as descUsario, cg.nombre as descEstatus FROM veventas vv, segusuariosTbl su, cagenerales cg WHERE vv.idUsuario = su.idUsuario AND vv.estatus = cg.valor AND vv.folio = (SELECT max(vv2.folio) FROM veVentas vv2 WHERE vv2.fechaEvento LIKE '%2014-11-05%') ;
19:42:47 - SELECT po.*, cc.descripcion as descProveedor, cg.valor as descTipoProducto FROM caProducto po, caCompanias cc, caGenerales cg WHERE po.claveCompania = cc.claveCompania AND po.tipoProducto = cg.valor  AND  po.activosInventario > 0  ORDER BY po.claveProducto ASC
19:42:47 - SELECT * FROM caGenerales WHERE tabla = 'vepagos' AND columna = 'tipoPago' AND estatus = 1;
19:43:00 - SELECT vv.*, su.nombre as descUsario, cg.nombre as descEstatus FROM veventas vv, segusuariosTbl su, cagenerales cg WHERE vv.idUsuario = su.idUsuario AND vv.estatus = cg.valor AND vv.folio = (SELECT max(vv2.folio) FROM veVentas vv2 WHERE vv2.fechaEvento LIKE '%2014-11-05%') ;
19:43:00 - SELECT po.*, cc.descripcion as descProveedor, cg.valor as descTipoProducto FROM caProducto po, caCompanias cc, caGenerales cg WHERE po.claveCompania = cc.claveCompania AND po.tipoProducto = cg.valor  AND  po.activosInventario > 0  ORDER BY po.claveProducto ASC
19:43:00 - SELECT * FROM caGenerales WHERE tabla = 'vepagos' AND columna = 'tipoPago' AND estatus = 1;
19:44:16 - SELECT vv.*, su.nombre as descUsario, cg.nombre as descEstatus FROM veventas vv, segusuariosTbl su, cagenerales cg WHERE vv.idUsuario = su.idUsuario AND vv.estatus = cg.valor AND vv.folio = (SELECT max(vv2.folio) FROM veVentas vv2 WHERE vv2.fechaEvento LIKE '%2014-11-05%') ;
19:44:16 - SELECT po.*, cc.descripcion as descProveedor, cg.valor as descTipoProducto FROM caProducto po, caCompanias cc, caGenerales cg WHERE po.claveCompania = cc.claveCompania AND po.tipoProducto = cg.valor  AND  po.activosInventario > 0  ORDER BY po.claveProducto ASC
19:44:16 - SELECT * FROM caGenerales WHERE tabla = 'vepagos' AND columna = 'tipoPago' AND estatus = 1;
19:48:07 - SELECT vv.*, su.nombre as descUsario, cg.nombre as descEstatus FROM veventas vv, segusuariosTbl su, cagenerales cg WHERE vv.idUsuario = su.idUsuario AND vv.estatus = cg.valor AND vv.folio = (SELECT max(vv2.folio) FROM veVentas vv2 WHERE vv2.fechaEvento LIKE '%2014-11-05%') ;
19:48:07 - SELECT po.*, cc.descripcion as descProveedor, cg.valor as descTipoProducto FROM caProducto po, caCompanias cc, caGenerales cg WHERE po.claveCompania = cc.claveCompania AND po.tipoProducto = cg.valor  AND  po.activosInventario > 0  ORDER BY po.claveProducto ASC
19:48:07 - SELECT * FROM caGenerales WHERE tabla = 'vepagos' AND columna = 'tipoPago' AND estatus = 1;
19:49:25 - SELECT vv.*, su.nombre as descUsario, cg.nombre as descEstatus FROM veventas vv, segusuariosTbl su, cagenerales cg WHERE vv.idUsuario = su.idUsuario AND vv.estatus = cg.valor AND vv.folio = (SELECT max(vv2.folio) FROM veVentas vv2 WHERE vv2.fechaEvento LIKE '%2014-11-05%') ;
19:49:25 - SELECT po.*, cc.descripcion as descProveedor, cg.valor as descTipoProducto FROM caProducto po, caCompanias cc, caGenerales cg WHERE po.claveCompania = cc.claveCompania AND po.tipoProducto = cg.valor  AND  po.activosInventario > 0  ORDER BY po.claveProducto ASC
19:49:25 - SELECT * FROM caGenerales WHERE tabla = 'vepagos' AND columna = 'tipoPago' AND estatus = 1;
19:51:23 - SELECT vv.*, su.nombre as descUsario, cg.nombre as descEstatus FROM veventas vv, segusuariosTbl su, cagenerales cg WHERE vv.idUsuario = su.idUsuario AND vv.estatus = cg.valor AND vv.folio = (SELECT max(vv2.folio) FROM veVentas vv2 WHERE vv2.fechaEvento LIKE '%2014-11-05%') ;
19:51:23 - SELECT po.*, cc.descripcion as descProveedor, cg.valor as descTipoProducto FROM caProducto po, caCompanias cc, caGenerales cg WHERE po.claveCompania = cc.claveCompania AND po.tipoProducto = cg.valor  AND  po.activosInventario > 0  ORDER BY po.claveProducto ASC
19:51:23 - SELECT * FROM caGenerales WHERE tabla = 'vepagos' AND columna = 'tipoPago' AND estatus = 1;
19:52:29 - SELECT vv.*, su.nombre as descUsario, cg.nombre as descEstatus FROM veventas vv, segusuariosTbl su, cagenerales cg WHERE vv.idUsuario = su.idUsuario AND vv.estatus = cg.valor AND vv.folio = (SELECT max(vv2.folio) FROM veVentas vv2 WHERE vv2.fechaEvento LIKE '%2014-11-05%') ;
19:52:29 - SELECT po.*, cc.descripcion as descProveedor, cg.valor as descTipoProducto FROM caProducto po, caCompanias cc, caGenerales cg WHERE po.claveCompania = cc.claveCompania AND po.tipoProducto = cg.valor  AND  po.activosInventario > 0  ORDER BY po.claveProducto ASC
19:52:29 - SELECT * FROM caGenerales WHERE tabla = 'vepagos' AND columna = 'tipoPago' AND estatus = 1;
19:53:14 - SELECT vv.*, su.nombre as descUsario, cg.nombre as descEstatus FROM veventas vv, segusuariosTbl su, cagenerales cg WHERE vv.idUsuario = su.idUsuario AND vv.estatus = cg.valor AND vv.folio = (SELECT max(vv2.folio) FROM veVentas vv2 WHERE vv2.fechaEvento LIKE '%2014-11-05%') ;
19:53:14 - SELECT po.*, cc.descripcion as descProveedor, cg.valor as descTipoProducto FROM caProducto po, caCompanias cc, caGenerales cg WHERE po.claveCompania = cc.claveCompania AND po.tipoProducto = cg.valor  AND  po.activosInventario > 0  ORDER BY po.claveProducto ASC
19:53:14 - SELECT * FROM caGenerales WHERE tabla = 'vepagos' AND columna = 'tipoPago' AND estatus = 1;
19:54:50 - SELECT vv.*, su.nombre as descUsario, cg.nombre as descEstatus FROM veventas vv, segusuariosTbl su, cagenerales cg WHERE vv.idUsuario = su.idUsuario AND vv.estatus = cg.valor AND vv.folio = (SELECT max(vv2.folio) FROM veVentas vv2 WHERE vv2.fechaEvento LIKE '%2014-11-05%') ;
19:54:50 - SELECT po.*, cc.descripcion as descProveedor, cg.valor as descTipoProducto FROM caProducto po, caCompanias cc, caGenerales cg WHERE po.claveCompania = cc.claveCompania AND po.tipoProducto = cg.valor  AND  po.activosInventario > 0  ORDER BY po.claveProducto ASC
19:54:50 - SELECT * FROM caGenerales WHERE tabla = 'vepagos' AND columna = 'tipoPago' AND estatus = 1;
19:58:55 - SELECT vv.*, su.nombre as descUsario, cg.nombre as descEstatus FROM veventas vv, segusuariosTbl su, cagenerales cg WHERE vv.idUsuario = su.idUsuario AND vv.estatus = cg.valor AND vv.folio = (SELECT max(vv2.folio) FROM veVentas vv2 WHERE vv2.fechaEvento LIKE '%2014-11-05%') ;
19:58:55 - SELECT po.*, cc.descripcion as descProveedor, cg.valor as descTipoProducto FROM caProducto po, caCompanias cc, caGenerales cg WHERE po.claveCompania = cc.claveCompania AND po.tipoProducto = cg.valor  AND  po.activosInventario > 0  ORDER BY po.claveProducto ASC
19:58:55 - SELECT * FROM caGenerales WHERE tabla = 'vepagos' AND columna = 'tipoPago' AND estatus = 1;
20:01:06 - SELECT vv.*, su.nombre as descUsario, cg.nombre as descEstatus FROM veventas vv, segusuariosTbl su, cagenerales cg WHERE vv.idUsuario = su.idUsuario AND vv.estatus = cg.valor AND vv.folio = (SELECT max(vv2.folio) FROM veVentas vv2 WHERE vv2.fechaEvento LIKE '%2014-11-05%') ;
20:01:06 - SELECT po.*, cc.descripcion as descProveedor, cg.valor as descTipoProducto FROM caProducto po, caCompanias cc, caGenerales cg WHERE po.claveCompania = cc.claveCompania AND po.tipoProducto = cg.valor  AND  po.activosInventario > 0  ORDER BY po.claveProducto ASC
20:01:06 - SELECT * FROM caGenerales WHERE tabla = 'vepagos' AND columna = 'tipoPago' AND estatus = 1;
20:02:03 - SELECT vv.*, su.nombre as descUsario, cg.nombre as descEstatus FROM veventas vv, segusuariosTbl su, cagenerales cg WHERE vv.idUsuario = su.idUsuario AND vv.estatus = cg.valor AND vv.folio = (SELECT max(vv2.folio) FROM veVentas vv2 WHERE vv2.fechaEvento LIKE '%2014-11-05%') ;
20:02:03 - SELECT po.*, cc.descripcion as descProveedor, cg.valor as descTipoProducto FROM caProducto po, caCompanias cc, caGenerales cg WHERE po.claveCompania = cc.claveCompania AND po.tipoProducto = cg.valor  AND  po.activosInventario > 0  ORDER BY po.claveProducto ASC
20:02:03 - SELECT * FROM caGenerales WHERE tabla = 'vepagos' AND columna = 'tipoPago' AND estatus = 1;
20:02:51 - SELECT vv.*, su.nombre as descUsario, cg.nombre as descEstatus FROM veventas vv, segusuariosTbl su, cagenerales cg WHERE vv.idUsuario = su.idUsuario AND vv.estatus = cg.valor AND vv.folio = (SELECT max(vv2.folio) FROM veVentas vv2 WHERE vv2.fechaEvento LIKE '%2014-11-05%') ;
20:02:51 - SELECT po.*, cc.descripcion as descProveedor, cg.valor as descTipoProducto FROM caProducto po, caCompanias cc, caGenerales cg WHERE po.claveCompania = cc.claveCompania AND po.tipoProducto = cg.valor  AND  po.activosInventario > 0  ORDER BY po.claveProducto ASC
20:02:51 - SELECT * FROM caGenerales WHERE tabla = 'vepagos' AND columna = 'tipoPago' AND estatus = 1;
20:04:01 - SELECT vv.*, su.nombre as descUsario, cg.nombre as descEstatus FROM veventas vv, segusuariosTbl su, cagenerales cg WHERE vv.idUsuario = su.idUsuario AND vv.estatus = cg.valor AND vv.folio = (SELECT max(vv2.folio) FROM veVentas vv2 WHERE vv2.fechaEvento LIKE '%2014-11-05%') ;
20:04:01 - SELECT * FROM caGenerales WHERE tabla = 'vepagos' AND columna = 'tipoPago' AND estatus = 1;
20:04:01 - SELECT po.*, cc.descripcion as descProveedor, cg.valor as descTipoProducto FROM caProducto po, caCompanias cc, caGenerales cg WHERE po.claveCompania = cc.claveCompania AND po.tipoProducto = cg.valor  AND  po.activosInventario > 0  ORDER BY po.claveProducto ASC
20:05:31 - SELECT vv.*, su.nombre as descUsario, cg.nombre as descEstatus FROM veventas vv, segusuariosTbl su, cagenerales cg WHERE vv.idUsuario = su.idUsuario AND vv.estatus = cg.valor AND vv.folio = (SELECT max(vv2.folio) FROM veVentas vv2 WHERE vv2.fechaEvento LIKE '%2014-11-05%') ;
20:05:31 - SELECT po.*, cc.descripcion as descProveedor, cg.valor as descTipoProducto FROM caProducto po, caCompanias cc, caGenerales cg WHERE po.claveCompania = cc.claveCompania AND po.tipoProducto = cg.valor  AND  po.activosInventario > 0  ORDER BY po.claveProducto ASC
20:05:31 - SELECT * FROM caGenerales WHERE tabla = 'vepagos' AND columna = 'tipoPago' AND estatus = 1;
20:09:12 - SELECT vv.*, su.nombre as descUsario, cg.nombre as descEstatus FROM veventas vv, segusuariosTbl su, cagenerales cg WHERE vv.idUsuario = su.idUsuario AND vv.estatus = cg.valor AND vv.folio = (SELECT max(vv2.folio) FROM veVentas vv2 WHERE vv2.fechaEvento LIKE '%2014-11-05%') ;
20:09:13 - SELECT po.*, cc.descripcion as descProveedor, cg.valor as descTipoProducto FROM caProducto po, caCompanias cc, caGenerales cg WHERE po.claveCompania = cc.claveCompania AND po.tipoProducto = cg.valor  AND  po.activosInventario > 0  ORDER BY po.claveProducto ASC
20:09:13 - SELECT * FROM caGenerales WHERE tabla = 'vepagos' AND columna = 'tipoPago' AND estatus = 1;
20:10:06 - SELECT vv.*, su.nombre as descUsario, cg.nombre as descEstatus FROM veventas vv, segusuariosTbl su, cagenerales cg WHERE vv.idUsuario = su.idUsuario AND vv.estatus = cg.valor AND vv.folio = (SELECT max(vv2.folio) FROM veVentas vv2 WHERE vv2.fechaEvento LIKE '%2014-11-05%') ;
20:10:06 - SELECT po.*, cc.descripcion as descProveedor, cg.valor as descTipoProducto FROM caProducto po, caCompanias cc, caGenerales cg WHERE po.claveCompania = cc.claveCompania AND po.tipoProducto = cg.valor  AND  po.activosInventario > 0  ORDER BY po.claveProducto ASC
20:10:06 - SELECT * FROM caGenerales WHERE tabla = 'vepagos' AND columna = 'tipoPago' AND estatus = 1;
20:10:31 - SELECT vv.*, su.nombre as descUsario, cg.nombre as descEstatus FROM veventas vv, segusuariosTbl su, cagenerales cg WHERE vv.idUsuario = su.idUsuario AND vv.estatus = cg.valor AND vv.folio = (SELECT max(vv2.folio) FROM veVentas vv2 WHERE vv2.fechaEvento LIKE '%2014-11-05%') ;
20:10:31 - SELECT * FROM caGenerales WHERE tabla = 'vepagos' AND columna = 'tipoPago' AND estatus = 1;
20:10:31 - SELECT po.*, cc.descripcion as descProveedor, cg.valor as descTipoProducto FROM caProducto po, caCompanias cc, caGenerales cg WHERE po.claveCompania = cc.claveCompania AND po.tipoProducto = cg.valor  AND  po.activosInventario > 0  ORDER BY po.claveProducto ASC
20:11:18 - SELECT vv.*, su.nombre as descUsario, cg.nombre as descEstatus FROM veventas vv, segusuariosTbl su, cagenerales cg WHERE vv.idUsuario = su.idUsuario AND vv.estatus = cg.valor AND vv.folio = (SELECT max(vv2.folio) FROM veVentas vv2 WHERE vv2.fechaEvento LIKE '%2014-11-05%') ;
20:11:18 - SELECT po.*, cc.descripcion as descProveedor, cg.valor as descTipoProducto FROM caProducto po, caCompanias cc, caGenerales cg WHERE po.claveCompania = cc.claveCompania AND po.tipoProducto = cg.valor  AND  po.activosInventario > 0  ORDER BY po.claveProducto ASC
20:11:18 - SELECT * FROM caGenerales WHERE tabla = 'vepagos' AND columna = 'tipoPago' AND estatus = 1;
20:12:58 - SELECT vv.*, su.nombre as descUsario, cg.nombre as descEstatus FROM veventas vv, segusuariosTbl su, cagenerales cg WHERE vv.idUsuario = su.idUsuario AND vv.estatus = cg.valor AND vv.folio = (SELECT max(vv2.folio) FROM veVentas vv2 WHERE vv2.fechaEvento LIKE '%2014-11-05%') ;
20:12:58 - SELECT po.*, cc.descripcion as descProveedor, cg.valor as descTipoProducto FROM caProducto po, caCompanias cc, caGenerales cg WHERE po.claveCompania = cc.claveCompania AND po.tipoProducto = cg.valor  AND  po.activosInventario > 0  ORDER BY po.claveProducto ASC
20:12:58 - SELECT * FROM caGenerales WHERE tabla = 'vepagos' AND columna = 'tipoPago' AND estatus = 1;
20:15:18 - SELECT vv.*, su.nombre as descUsario, cg.nombre as descEstatus FROM veventas vv, segusuariosTbl su, cagenerales cg WHERE vv.idUsuario = su.idUsuario AND vv.estatus = cg.valor AND vv.folio = (SELECT max(vv2.folio) FROM veVentas vv2 WHERE vv2.fechaEvento LIKE '%2014-11-05%') ;
20:15:18 - SELECT po.*, cc.descripcion as descProveedor, cg.valor as descTipoProducto FROM caProducto po, caCompanias cc, caGenerales cg WHERE po.claveCompania = cc.claveCompania AND po.tipoProducto = cg.valor  AND  po.activosInventario > 0  ORDER BY po.claveProducto ASC
20:15:18 - SELECT * FROM caGenerales WHERE tabla = 'vepagos' AND columna = 'tipoPago' AND estatus = 1;
20:16:31 - SELECT vv.*, su.nombre as descUsario, cg.nombre as descEstatus FROM veventas vv, segusuariosTbl su, cagenerales cg WHERE vv.idUsuario = su.idUsuario AND vv.estatus = cg.valor AND vv.folio = (SELECT max(vv2.folio) FROM veVentas vv2 WHERE vv2.fechaEvento LIKE '%2014-11-05%') ;
20:17:59 - SELECT vv.*, su.nombre as descUsario, cg.nombre as descEstatus FROM veventas vv, segusuariosTbl su, cagenerales cg WHERE vv.idUsuario = su.idUsuario AND vv.estatus = cg.valor AND vv.folio = (SELECT max(vv2.folio) FROM veVentas vv2 WHERE vv2.fechaEvento LIKE '%2014-11-05%') ;
20:17:59 - SELECT po.*, cc.descripcion as descProveedor, cg.valor as descTipoProducto FROM caProducto po, caCompanias cc, caGenerales cg WHERE po.claveCompania = cc.claveCompania AND po.tipoProducto = cg.valor  AND  po.activosInventario > 0  ORDER BY po.claveProducto ASC
20:17:59 - SELECT * FROM caGenerales WHERE tabla = 'vepagos' AND columna = 'tipoPago' AND estatus = 1;
20:19:35 - SELECT vv.*, su.nombre as descUsario, cg.nombre as descEstatus FROM veventas vv, segusuariosTbl su, cagenerales cg WHERE vv.idUsuario = su.idUsuario AND vv.estatus = cg.valor AND vv.folio = (SELECT max(vv2.folio) FROM veVentas vv2 WHERE vv2.fechaEvento LIKE '%2014-11-05%') ;
20:19:35 - SELECT po.*, cc.descripcion as descProveedor, cg.valor as descTipoProducto FROM caProducto po, caCompanias cc, caGenerales cg WHERE po.claveCompania = cc.claveCompania AND po.tipoProducto = cg.valor  AND  po.activosInventario > 0  ORDER BY po.claveProducto ASC
20:19:35 - SELECT * FROM caGenerales WHERE tabla = 'vepagos' AND columna = 'tipoPago' AND estatus = 1;
20:27:53 - INSERT INTO veVentas (fechaEvento, total, idUsuario, estatus, compania, folio)VALUES('2014-11-05 20:27:53','31.5', 1, 'VA', 'Prue', 1)
20:27:53 - INSERT INTO vedetalleventa (idVenta, claveProducto, precio, cantidad, fechaEvento, idUsuario)VALUES(110, '7501943476165', '12.00', '1', '2014-11-05 20:27:53', 1)
20:27:53 - SELECT (activosInventario -1) AS resta, tipoProducto FROM caproducto WHERE claveProducto =7501943476165;
20:27:53 - UPDATE caproducto SET  activosInventario = '16' WHERE claveProducto = '7501943476165'; 
20:27:53 - INSERT INTO vedetalleventa (idVenta, claveProducto, precio, cantidad, fechaEvento, idUsuario)VALUES(110, '1234565432', '10.00', '1', '2014-11-05 20:27:53', 1)
20:27:53 - SELECT (activosInventario -1) AS resta, tipoProducto FROM caproducto WHERE claveProducto =1234565432;
20:27:53 - UPDATE caproducto SET  activosInventario = '30' WHERE claveProducto = '1234565432'; 
20:27:53 - INSERT INTO vedetalleventa (idVenta, claveProducto, precio, cantidad, fechaEvento, idUsuario)VALUES(110, '12333421', '9.50', '1', '2014-11-05 20:27:53', 1)
20:27:53 - SELECT (activosInventario -1) AS resta, tipoProducto FROM caproducto WHERE claveProducto =12333421;
20:27:53 - UPDATE caproducto SET  activosInventario = '2' WHERE claveProducto = '12333421'; 
20:27:55 - SELECT vv.*, su.nombre as descUsario, cg.nombre as descEstatus FROM veventas vv, segusuariosTbl su, cagenerales cg WHERE vv.idUsuario = su.idUsuario AND vv.estatus = cg.valor AND vv.folio = (SELECT max(vv2.folio) FROM veVentas vv2 WHERE vv2.fechaEvento LIKE '%2014-11-05%') ;
20:27:55 - SELECT po.*, cc.descripcion as descProveedor, cg.valor as descTipoProducto FROM caProducto po, caCompanias cc, caGenerales cg WHERE po.claveCompania = cc.claveCompania AND po.tipoProducto = cg.valor  AND  po.activosInventario > 0  ORDER BY po.claveProducto ASC
20:44:12 - SELECT vv.*, su.nombre as descUsario, cg.nombre as descEstatus FROM veventas vv, segusuariosTbl su, cagenerales cg WHERE vv.idUsuario = su.idUsuario AND vv.estatus = cg.valor AND vv.folio = (SELECT max(vv2.folio) FROM veVentas vv2 WHERE vv2.fechaEvento LIKE '%2014-11-05%') ;
20:44:12 - SELECT * FROM caGenerales WHERE tabla = 'vepagos' AND columna = 'tipoPago' AND estatus = 1;
20:44:12 - SELECT po.*, cc.descripcion as descProveedor, cg.valor as descTipoProducto FROM caProducto po, caCompanias cc, caGenerales cg WHERE po.claveCompania = cc.claveCompania AND po.tipoProducto = cg.valor  AND  po.activosInventario > 0  ORDER BY po.claveProducto ASC
20:44:45 - INSERT INTO veVentas (fechaEvento, total, idUsuario, estatus, compania, folio)VALUES('2014-11-05 20:44:45','20', 1, 'VA', 'Prue', 2)
20:44:45 - INSERT INTO vedetalleventa (idVenta, claveProducto, precio, cantidad, fechaEvento, idUsuario)VALUES(111, '1234565432', '10.00', '2', '2014-11-05 20:44:45', 1)
20:44:45 - SELECT (activosInventario -2) AS resta, tipoProducto FROM caproducto WHERE claveProducto =1234565432;
20:44:45 - UPDATE caproducto SET  activosInventario = '28' WHERE claveProducto = '1234565432'; 
20:44:45 - INSERT INTO vePagos (idVenta, importe, tipoPago, noReferencia) VALUES(111, '20','PT','1234567')
20:44:47 - SELECT vv.*, su.nombre as descUsario, cg.nombre as descEstatus FROM veventas vv, segusuariosTbl su, cagenerales cg WHERE vv.idUsuario = su.idUsuario AND vv.estatus = cg.valor AND vv.folio = (SELECT max(vv2.folio) FROM veVentas vv2 WHERE vv2.fechaEvento LIKE '%2014-11-05%') ;
20:44:47 - SELECT po.*, cc.descripcion as descProveedor, cg.valor as descTipoProducto FROM caProducto po, caCompanias cc, caGenerales cg WHERE po.claveCompania = cc.claveCompania AND po.tipoProducto = cg.valor  AND  po.activosInventario > 0  ORDER BY po.claveProducto ASC
20:48:37 - SELECT vv.*, su.nombre as descUsario, cg.nombre as descEstatus FROM veventas vv, segusuariosTbl su, cagenerales cg WHERE vv.idUsuario = su.idUsuario AND vv.estatus = cg.valor AND vv.folio = (SELECT max(vv2.folio) FROM veVentas vv2 WHERE vv2.fechaEvento LIKE '%2014-11-05%') ;
20:48:37 - SELECT po.*, cc.descripcion as descProveedor, cg.valor as descTipoProducto FROM caProducto po, caCompanias cc, caGenerales cg WHERE po.claveCompania = cc.claveCompania AND po.tipoProducto = cg.valor  AND  po.activosInventario > 0  ORDER BY po.claveProducto ASC
20:48:37 - SELECT * FROM caGenerales WHERE tabla = 'vepagos' AND columna = 'tipoPago' AND estatus = 1;
20:50:40 - SELECT vv.*, su.nombre as descUsario, cg.nombre as descEstatus FROM veventas vv, segusuariosTbl su, cagenerales cg WHERE vv.idUsuario = su.idUsuario AND vv.estatus = cg.valor AND vv.folio = (SELECT max(vv2.folio) FROM veVentas vv2 WHERE vv2.fechaEvento LIKE '%2014-11-05%') ;
20:50:40 - SELECT po.*, cc.descripcion as descProveedor, cg.valor as descTipoProducto FROM caProducto po, caCompanias cc, caGenerales cg WHERE po.claveCompania = cc.claveCompania AND po.tipoProducto = cg.valor  AND  po.activosInventario > 0  ORDER BY po.claveProducto ASC
20:50:40 - SELECT * FROM caGenerales WHERE tabla = 'vepagos' AND columna = 'tipoPago' AND estatus = 1;
20:51:15 - SELECT vv.*, su.nombre as descUsario, cg.nombre as descEstatus FROM veventas vv, segusuariosTbl su, cagenerales cg WHERE vv.idUsuario = su.idUsuario AND vv.estatus = cg.valor AND vv.folio = (SELECT max(vv2.folio) FROM veVentas vv2 WHERE vv2.fechaEvento LIKE '%2014-11-05%') ;
20:51:15 - SELECT po.*, cc.descripcion as descProveedor, cg.valor as descTipoProducto FROM caProducto po, caCompanias cc, caGenerales cg WHERE po.claveCompania = cc.claveCompania AND po.tipoProducto = cg.valor  AND  po.activosInventario > 0  ORDER BY po.claveProducto ASC
20:51:15 - SELECT * FROM caGenerales WHERE tabla = 'vepagos' AND columna = 'tipoPago' AND estatus = 1;
20:54:36 - SELECT vv.*, su.nombre as descUsario, cg.nombre as descEstatus FROM veventas vv, segusuariosTbl su, cagenerales cg WHERE vv.idUsuario = su.idUsuario AND vv.estatus = cg.valor AND vv.folio = (SELECT max(vv2.folio) FROM veVentas vv2 WHERE vv2.fechaEvento LIKE '%2014-11-05%') ;
20:54:36 - SELECT po.*, cc.descripcion as descProveedor, cg.valor as descTipoProducto FROM caProducto po, caCompanias cc, caGenerales cg WHERE po.claveCompania = cc.claveCompania AND po.tipoProducto = cg.valor  AND  po.activosInventario > 0  ORDER BY po.claveProducto ASC
20:54:36 - SELECT * FROM caGenerales WHERE tabla = 'vepagos' AND columna = 'tipoPago' AND estatus = 1;
20:55:55 - SELECT vv.*, su.nombre as descUsario, cg.nombre as descEstatus FROM veventas vv, segusuariosTbl su, cagenerales cg WHERE vv.idUsuario = su.idUsuario AND vv.estatus = cg.valor AND vv.folio = (SELECT max(vv2.folio) FROM veVentas vv2 WHERE vv2.fechaEvento LIKE '%2014-11-05%') ;
20:55:55 - SELECT po.*, cc.descripcion as descProveedor, cg.valor as descTipoProducto FROM caProducto po, caCompanias cc, caGenerales cg WHERE po.claveCompania = cc.claveCompania AND po.tipoProducto = cg.valor  AND  po.activosInventario > 0  ORDER BY po.claveProducto ASC
20:55:55 - SELECT * FROM caGenerales WHERE tabla = 'vepagos' AND columna = 'tipoPago' AND estatus = 1;
20:56:33 - SELECT vv.*, su.nombre as descUsario, cg.nombre as descEstatus FROM veventas vv, segusuariosTbl su, cagenerales cg WHERE vv.idUsuario = su.idUsuario AND vv.estatus = cg.valor AND vv.folio = (SELECT max(vv2.folio) FROM veVentas vv2 WHERE vv2.fechaEvento LIKE '%2014-11-05%') ;
20:56:33 - SELECT po.*, cc.descripcion as descProveedor, cg.valor as descTipoProducto FROM caProducto po, caCompanias cc, caGenerales cg WHERE po.claveCompania = cc.claveCompania AND po.tipoProducto = cg.valor  AND  po.activosInventario > 0  ORDER BY po.claveProducto ASC
20:56:33 - SELECT * FROM caGenerales WHERE tabla = 'vepagos' AND columna = 'tipoPago' AND estatus = 1;
20:59:33 - SELECT vv.*, su.nombre as descUsario, cg.nombre as descEstatus FROM veventas vv, segusuariosTbl su, cagenerales cg WHERE vv.idUsuario = su.idUsuario AND vv.estatus = cg.valor AND vv.folio = (SELECT max(vv2.folio) FROM veVentas vv2 WHERE vv2.fechaEvento LIKE '%2014-11-05%') ;
20:59:33 - SELECT po.*, cc.descripcion as descProveedor, cg.valor as descTipoProducto FROM caProducto po, caCompanias cc, caGenerales cg WHERE po.claveCompania = cc.claveCompania AND po.tipoProducto = cg.valor  AND  po.activosInventario > 0  ORDER BY po.claveProducto ASC
20:59:33 - SELECT * FROM caGenerales WHERE tabla = 'vepagos' AND columna = 'tipoPago' AND estatus = 1;
21:00:20 - SELECT vv.*, su.nombre as descUsario, cg.nombre as descEstatus FROM veventas vv, segusuariosTbl su, cagenerales cg WHERE vv.idUsuario = su.idUsuario AND vv.estatus = cg.valor AND vv.folio = (SELECT max(vv2.folio) FROM veVentas vv2 WHERE vv2.fechaEvento LIKE '%2014-11-05%') ;
21:00:20 - SELECT po.*, cc.descripcion as descProveedor, cg.valor as descTipoProducto FROM caProducto po, caCompanias cc, caGenerales cg WHERE po.claveCompania = cc.claveCompania AND po.tipoProducto = cg.valor  AND  po.activosInventario > 0  ORDER BY po.claveProducto ASC
21:00:20 - SELECT * FROM caGenerales WHERE tabla = 'vepagos' AND columna = 'tipoPago' AND estatus = 1;
